<?xml version="1.0" encoding="UTF-8"?>
<robot generator="Robot 4.1.3 (Python 3.10.2 on win32)" generated="20220228 21:45:30.367" rpa="false" schemaversion="2">
<suite id="s1" name="First" source="C:\Users\siva sankar\PycharmProjects\firstProject\second\first.robot">
<test id="s1-t1" name="LoginTest">
<kw name="Open Browser" library="SeleniumLibrary">
<arg>https://demo.nopcommerce.com/</arg>
<arg>chrome</arg>
<doc>Opens a new browser instance to the optional ``url``.</doc>
<msg timestamp="20220228 21:45:30.575" level="INFO">Opening browser 'chrome' to base url 'https://demo.nopcommerce.com/'.</msg>
<msg timestamp="20220228 21:45:30.616" level="INFO">Cannot capture screenshot because no browser is open.</msg>
<msg timestamp="20220228 21:45:30.632" level="FAIL">WebDriverException: Message: 'chromedriver' executable needs to be in PATH. Please see https://chromedriver.chromium.org/home
</msg>
<status status="FAIL" starttime="20220228 21:45:30.575" endtime="20220228 21:45:30.632"/>
</kw>
<status status="FAIL" starttime="20220228 21:45:30.575" endtime="20220228 21:45:30.632">WebDriverException: Message: 'chromedriver' executable needs to be in PATH. Please see https://chromedriver.chromium.org/home
</status>
</test>
<status status="FAIL" starttime="20220228 21:45:30.383" endtime="20220228 21:45:30.632"/>
</suite>
<statistics>
<total>
<stat pass="0" fail="1" skip="0">All Tests</stat>
</total>
<tag>
</tag>
<suite>
<stat pass="0" fail="1" skip="0" id="s1" name="First">First</stat>
</suite>
</statistics>
<errors>
</errors>
</robot>
